[2023-11-03 07:32:05,905] multiqc                                            [DEBUG  ]  This is MultiQC v1.12
[2023-11-03 07:32:05,905] multiqc                                            [DEBUG  ]  No MultiQC config found: /usr/lib/python3/dist-packages/multiqc_config.yaml
[2023-11-03 07:32:05,905] multiqc                                            [DEBUG  ]  No MultiQC config found: /home/zio/.multiqc_config.yaml
[2023-11-03 07:32:05,905] multiqc                                            [DEBUG  ]  No MultiQC config found: multiqc_config.yaml
[2023-11-03 07:32:05,905] multiqc                                            [DEBUG  ]  Command used: /usr/bin/multiqc -d /home/zio/assignment/qc/trimmed -o /home/zio/assignment/qc/trimmed
[2023-11-03 07:32:06,745] multiqc                                            [WARNING]  MultiQC Version v1.17 now available!
[2023-11-03 07:32:06,745] multiqc                                            [DEBUG  ]  Command     : /usr/bin/multiqc -d /home/zio/assignment/qc/trimmed -o /home/zio/assignment/qc/trimmed
[2023-11-03 07:32:06,745] multiqc                                            [DEBUG  ]  Working dir : /home/zio/Downloads
[2023-11-03 07:32:06,745] multiqc                                            [DEBUG  ]  Template    : default
[2023-11-03 07:32:06,746] multiqc                                            [DEBUG  ]  Running Python 3.10.12 (main, Jun 11 2023, 05:26:28) [GCC 11.4.0]
[2023-11-03 07:32:06,746] multiqc                                            [INFO   ]  Prepending directory to sample names
[2023-11-03 07:32:06,747] multiqc                                            [DEBUG  ]  Analysing modules: custom_content, ccs, ngsderive, purple, conpair, lima, peddy, somalier, methylQA, mosdepth, phantompeakqualtools, qualimap, preseq, quast, qorts, rna_seqc, rockhopper, rsem, rseqc, busco, bustools, goleft_indexcov, gffcompare, disambiguate, supernova, deeptools, sargasso, verifybamid, mirtrace, happy, mirtop, sambamba, homer, hops, macs2, theta2, snpeff, gatk, htseq, bcftools, featureCounts, fgbio, dragen, dedup, pbmarkdup, damageprofiler, biobambam2, jcvi, mtnucratio, picard, vep, sentieon, prokka, qc3C, nanostat, samblaster, samtools, sexdeterrmine, eigenstratdatabasetools, bamtools, jellyfish, vcftools, longranger, stacks, varscan2, snippy, bbmap, bismark, biscuit, hicexplorer, hicup, hicpro, salmon, kallisto, slamdunk, star, hisat2, tophat, bowtie2, bowtie1, snpsplit, odgi, pangolin, kat, leehom, adapterRemoval, clipandmerge, cutadapt, flexbar, kaiju, kraken, malt, trimmomatic, sickle, skewer, sortmerna, biobloomtools, fastq_screen, afterqc, fastp, fastqc, pychopper, pycoqc, minionqc, multivcfanalyzer, clusterflow, checkqc, bcl2fastq, bclconvert, interop, ivar, flash, seqyclean, optitype, whatshap
[2023-11-03 07:32:06,747] multiqc                                            [DEBUG  ]  Using temporary directory for creating report: /tmp/tmp6qrwoeiv
[2023-11-03 07:32:06,748] multiqc                                            [INFO   ]  Search path : /home/zio/assignment/qc/trimmed
[2023-11-03 07:32:06,803] multiqc                                            [DEBUG  ]  File ignored by ccs/v4 because it exceeded search pattern filesize limit: SRR10998564_trimmed_fastqc.html
[2023-11-03 07:32:06,804] multiqc                                            [DEBUG  ]  File ignored by hicexplorer because it exceeded search pattern filesize limit: SRR10998564_trimmed_fastqc.html
[2023-11-03 07:32:06,804] multiqc                                            [DEBUG  ]  File ignored by lima/summary because it exceeded search pattern filesize limit: SRR10998564_trimmed_fastqc.html
[2023-11-03 07:32:06,807] multiqc                                            [DEBUG  ]  File ignored by vep/vep_txt because it exceeded search pattern filesize limit: SRR10998564_trimmed_fastqc.html
[2023-11-03 07:32:06,807] multiqc                                            [DEBUG  ]  File ignored by longranger/invocation because it exceeded search pattern filesize limit: SRR10998564_trimmed_fastqc.html
[2023-11-03 07:32:06,807] multiqc                                            [DEBUG  ]  File ignored by rockhopper because it exceeded search pattern filesize limit: SRR10998564_trimmed_fastqc.html
[2023-11-03 07:32:06,807] multiqc                                            [DEBUG  ]  File ignored by rseqc/bam_stat because it exceeded search pattern filesize limit: SRR10998564_trimmed_fastqc.html
[2023-11-03 07:32:06,807] multiqc                                            [DEBUG  ]  File ignored by rseqc/junction_annotation because it exceeded search pattern filesize limit: SRR10998564_trimmed_fastqc.html
[2023-11-03 07:32:06,807] multiqc                                            [DEBUG  ]  File ignored by rseqc/read_distribution because it exceeded search pattern filesize limit: SRR10998564_trimmed_fastqc.html
[2023-11-03 07:32:06,807] multiqc                                            [DEBUG  ]  File ignored by rseqc/infer_experiment because it exceeded search pattern filesize limit: SRR10998564_trimmed_fastqc.html
[2023-11-03 07:32:06,848] multiqc                                            [DEBUG  ]  File ignored by nanostat because it exceeded search pattern filesize limit: SRR10998564_trimmed_fastqc.html
[2023-11-03 07:32:06,854] multiqc                                            [DEBUG  ]  File ignored by ccs/v4 because it exceeded search pattern filesize limit: SRR10998563_trimmed_fastqc.html
[2023-11-03 07:32:06,855] multiqc                                            [DEBUG  ]  File ignored by hicexplorer because it exceeded search pattern filesize limit: SRR10998563_trimmed_fastqc.html
[2023-11-03 07:32:06,855] multiqc                                            [DEBUG  ]  File ignored by lima/summary because it exceeded search pattern filesize limit: SRR10998563_trimmed_fastqc.html
[2023-11-03 07:32:06,856] multiqc                                            [DEBUG  ]  File ignored by vep/vep_txt because it exceeded search pattern filesize limit: SRR10998563_trimmed_fastqc.html
[2023-11-03 07:32:06,856] multiqc                                            [DEBUG  ]  File ignored by longranger/invocation because it exceeded search pattern filesize limit: SRR10998563_trimmed_fastqc.html
[2023-11-03 07:32:06,856] multiqc                                            [DEBUG  ]  File ignored by rockhopper because it exceeded search pattern filesize limit: SRR10998563_trimmed_fastqc.html
[2023-11-03 07:32:06,856] multiqc                                            [DEBUG  ]  File ignored by rseqc/bam_stat because it exceeded search pattern filesize limit: SRR10998563_trimmed_fastqc.html
[2023-11-03 07:32:06,856] multiqc                                            [DEBUG  ]  File ignored by rseqc/junction_annotation because it exceeded search pattern filesize limit: SRR10998563_trimmed_fastqc.html
[2023-11-03 07:32:06,856] multiqc                                            [DEBUG  ]  File ignored by rseqc/read_distribution because it exceeded search pattern filesize limit: SRR10998563_trimmed_fastqc.html
[2023-11-03 07:32:06,857] multiqc                                            [DEBUG  ]  File ignored by rseqc/infer_experiment because it exceeded search pattern filesize limit: SRR10998563_trimmed_fastqc.html
[2023-11-03 07:32:06,902] multiqc                                            [DEBUG  ]  File ignored by nanostat because it exceeded search pattern filesize limit: SRR10998563_trimmed_fastqc.html
[2023-11-03 07:32:06,907] multiqc                                            [DEBUG  ]  File ignored by ccs/v4 because it exceeded search pattern filesize limit: SRR10998559_trimmed_fastqc.html
[2023-11-03 07:32:06,908] multiqc                                            [DEBUG  ]  File ignored by hicexplorer because it exceeded search pattern filesize limit: SRR10998559_trimmed_fastqc.html
[2023-11-03 07:32:06,908] multiqc                                            [DEBUG  ]  File ignored by lima/summary because it exceeded search pattern filesize limit: SRR10998559_trimmed_fastqc.html
[2023-11-03 07:32:06,909] multiqc                                            [DEBUG  ]  File ignored by vep/vep_txt because it exceeded search pattern filesize limit: SRR10998559_trimmed_fastqc.html
[2023-11-03 07:32:06,909] multiqc                                            [DEBUG  ]  File ignored by longranger/invocation because it exceeded search pattern filesize limit: SRR10998559_trimmed_fastqc.html
[2023-11-03 07:32:06,909] multiqc                                            [DEBUG  ]  File ignored by rockhopper because it exceeded search pattern filesize limit: SRR10998559_trimmed_fastqc.html
[2023-11-03 07:32:06,909] multiqc                                            [DEBUG  ]  File ignored by rseqc/bam_stat because it exceeded search pattern filesize limit: SRR10998559_trimmed_fastqc.html
[2023-11-03 07:32:06,909] multiqc                                            [DEBUG  ]  File ignored by rseqc/junction_annotation because it exceeded search pattern filesize limit: SRR10998559_trimmed_fastqc.html
[2023-11-03 07:32:06,909] multiqc                                            [DEBUG  ]  File ignored by rseqc/read_distribution because it exceeded search pattern filesize limit: SRR10998559_trimmed_fastqc.html
[2023-11-03 07:32:06,909] multiqc                                            [DEBUG  ]  File ignored by rseqc/infer_experiment because it exceeded search pattern filesize limit: SRR10998559_trimmed_fastqc.html
[2023-11-03 07:32:06,953] multiqc                                            [DEBUG  ]  File ignored by nanostat because it exceeded search pattern filesize limit: SRR10998559_trimmed_fastqc.html
[2023-11-03 07:32:06,960] multiqc                                            [DEBUG  ]  File ignored by ccs/v4 because it exceeded search pattern filesize limit: SRR10998568_trimmed_fastqc.html
[2023-11-03 07:32:06,960] multiqc                                            [DEBUG  ]  File ignored by hicexplorer because it exceeded search pattern filesize limit: SRR10998568_trimmed_fastqc.html
[2023-11-03 07:32:06,961] multiqc                                            [DEBUG  ]  File ignored by lima/summary because it exceeded search pattern filesize limit: SRR10998568_trimmed_fastqc.html
[2023-11-03 07:32:06,962] multiqc                                            [DEBUG  ]  File ignored by vep/vep_txt because it exceeded search pattern filesize limit: SRR10998568_trimmed_fastqc.html
[2023-11-03 07:32:06,962] multiqc                                            [DEBUG  ]  File ignored by longranger/invocation because it exceeded search pattern filesize limit: SRR10998568_trimmed_fastqc.html
[2023-11-03 07:32:06,962] multiqc                                            [DEBUG  ]  File ignored by rockhopper because it exceeded search pattern filesize limit: SRR10998568_trimmed_fastqc.html
[2023-11-03 07:32:06,962] multiqc                                            [DEBUG  ]  File ignored by rseqc/bam_stat because it exceeded search pattern filesize limit: SRR10998568_trimmed_fastqc.html
[2023-11-03 07:32:06,962] multiqc                                            [DEBUG  ]  File ignored by rseqc/junction_annotation because it exceeded search pattern filesize limit: SRR10998568_trimmed_fastqc.html
[2023-11-03 07:32:06,962] multiqc                                            [DEBUG  ]  File ignored by rseqc/read_distribution because it exceeded search pattern filesize limit: SRR10998568_trimmed_fastqc.html
[2023-11-03 07:32:06,962] multiqc                                            [DEBUG  ]  File ignored by rseqc/infer_experiment because it exceeded search pattern filesize limit: SRR10998568_trimmed_fastqc.html
[2023-11-03 07:32:07,009] multiqc                                            [DEBUG  ]  File ignored by nanostat because it exceeded search pattern filesize limit: SRR10998568_trimmed_fastqc.html
[2023-11-03 07:32:07,014] multiqc                                            [DEBUG  ]  File ignored by ccs/v4 because it exceeded search pattern filesize limit: SRR10998562_trimmed_fastqc.html
[2023-11-03 07:32:07,015] multiqc                                            [DEBUG  ]  File ignored by hicexplorer because it exceeded search pattern filesize limit: SRR10998562_trimmed_fastqc.html
[2023-11-03 07:32:07,015] multiqc                                            [DEBUG  ]  File ignored by lima/summary because it exceeded search pattern filesize limit: SRR10998562_trimmed_fastqc.html
[2023-11-03 07:32:07,016] multiqc                                            [DEBUG  ]  File ignored by vep/vep_txt because it exceeded search pattern filesize limit: SRR10998562_trimmed_fastqc.html
[2023-11-03 07:32:07,016] multiqc                                            [DEBUG  ]  File ignored by longranger/invocation because it exceeded search pattern filesize limit: SRR10998562_trimmed_fastqc.html
[2023-11-03 07:32:07,016] multiqc                                            [DEBUG  ]  File ignored by rockhopper because it exceeded search pattern filesize limit: SRR10998562_trimmed_fastqc.html
[2023-11-03 07:32:07,016] multiqc                                            [DEBUG  ]  File ignored by rseqc/bam_stat because it exceeded search pattern filesize limit: SRR10998562_trimmed_fastqc.html
[2023-11-03 07:32:07,016] multiqc                                            [DEBUG  ]  File ignored by rseqc/junction_annotation because it exceeded search pattern filesize limit: SRR10998562_trimmed_fastqc.html
[2023-11-03 07:32:07,016] multiqc                                            [DEBUG  ]  File ignored by rseqc/read_distribution because it exceeded search pattern filesize limit: SRR10998562_trimmed_fastqc.html
[2023-11-03 07:32:07,017] multiqc                                            [DEBUG  ]  File ignored by rseqc/infer_experiment because it exceeded search pattern filesize limit: SRR10998562_trimmed_fastqc.html
[2023-11-03 07:32:07,061] multiqc                                            [DEBUG  ]  File ignored by nanostat because it exceeded search pattern filesize limit: SRR10998562_trimmed_fastqc.html
[2023-11-03 07:32:07,066] multiqc                                            [DEBUG  ]  File ignored by ccs/v4 because it exceeded search pattern filesize limit: SRR10998561_trimmed_fastqc.html
[2023-11-03 07:32:07,067] multiqc                                            [DEBUG  ]  File ignored by hicexplorer because it exceeded search pattern filesize limit: SRR10998561_trimmed_fastqc.html
[2023-11-03 07:32:07,067] multiqc                                            [DEBUG  ]  File ignored by lima/summary because it exceeded search pattern filesize limit: SRR10998561_trimmed_fastqc.html
[2023-11-03 07:32:07,068] multiqc                                            [DEBUG  ]  File ignored by vep/vep_txt because it exceeded search pattern filesize limit: SRR10998561_trimmed_fastqc.html
[2023-11-03 07:32:07,068] multiqc                                            [DEBUG  ]  File ignored by longranger/invocation because it exceeded search pattern filesize limit: SRR10998561_trimmed_fastqc.html
[2023-11-03 07:32:07,068] multiqc                                            [DEBUG  ]  File ignored by rockhopper because it exceeded search pattern filesize limit: SRR10998561_trimmed_fastqc.html
[2023-11-03 07:32:07,068] multiqc                                            [DEBUG  ]  File ignored by rseqc/bam_stat because it exceeded search pattern filesize limit: SRR10998561_trimmed_fastqc.html
[2023-11-03 07:32:07,068] multiqc                                            [DEBUG  ]  File ignored by rseqc/junction_annotation because it exceeded search pattern filesize limit: SRR10998561_trimmed_fastqc.html
[2023-11-03 07:32:07,068] multiqc                                            [DEBUG  ]  File ignored by rseqc/read_distribution because it exceeded search pattern filesize limit: SRR10998561_trimmed_fastqc.html
[2023-11-03 07:32:07,068] multiqc                                            [DEBUG  ]  File ignored by rseqc/infer_experiment because it exceeded search pattern filesize limit: SRR10998561_trimmed_fastqc.html
[2023-11-03 07:32:07,116] multiqc                                            [DEBUG  ]  File ignored by nanostat because it exceeded search pattern filesize limit: SRR10998561_trimmed_fastqc.html
[2023-11-03 07:32:07,122] multiqc                                            [DEBUG  ]  File ignored by ccs/v4 because it exceeded search pattern filesize limit: SRR10998560_trimmed_fastqc.html
[2023-11-03 07:32:07,122] multiqc                                            [DEBUG  ]  File ignored by hicexplorer because it exceeded search pattern filesize limit: SRR10998560_trimmed_fastqc.html
[2023-11-03 07:32:07,122] multiqc                                            [DEBUG  ]  File ignored by lima/summary because it exceeded search pattern filesize limit: SRR10998560_trimmed_fastqc.html
[2023-11-03 07:32:07,124] multiqc                                            [DEBUG  ]  File ignored by vep/vep_txt because it exceeded search pattern filesize limit: SRR10998560_trimmed_fastqc.html
[2023-11-03 07:32:07,124] multiqc                                            [DEBUG  ]  File ignored by longranger/invocation because it exceeded search pattern filesize limit: SRR10998560_trimmed_fastqc.html
[2023-11-03 07:32:07,124] multiqc                                            [DEBUG  ]  File ignored by rockhopper because it exceeded search pattern filesize limit: SRR10998560_trimmed_fastqc.html
[2023-11-03 07:32:07,124] multiqc                                            [DEBUG  ]  File ignored by rseqc/bam_stat because it exceeded search pattern filesize limit: SRR10998560_trimmed_fastqc.html
[2023-11-03 07:32:07,124] multiqc                                            [DEBUG  ]  File ignored by rseqc/junction_annotation because it exceeded search pattern filesize limit: SRR10998560_trimmed_fastqc.html
[2023-11-03 07:32:07,124] multiqc                                            [DEBUG  ]  File ignored by rseqc/read_distribution because it exceeded search pattern filesize limit: SRR10998560_trimmed_fastqc.html
[2023-11-03 07:32:07,124] multiqc                                            [DEBUG  ]  File ignored by rseqc/infer_experiment because it exceeded search pattern filesize limit: SRR10998560_trimmed_fastqc.html
[2023-11-03 07:32:07,168] multiqc                                            [DEBUG  ]  File ignored by nanostat because it exceeded search pattern filesize limit: SRR10998560_trimmed_fastqc.html
[2023-11-03 07:32:07,175] multiqc                                            [DEBUG  ]  File ignored by ccs/v4 because it exceeded search pattern filesize limit: SRR10998567_trimmed_fastqc.html
[2023-11-03 07:32:07,176] multiqc                                            [DEBUG  ]  File ignored by hicexplorer because it exceeded search pattern filesize limit: SRR10998567_trimmed_fastqc.html
[2023-11-03 07:32:07,176] multiqc                                            [DEBUG  ]  File ignored by lima/summary because it exceeded search pattern filesize limit: SRR10998567_trimmed_fastqc.html
[2023-11-03 07:32:07,177] multiqc                                            [DEBUG  ]  File ignored by vep/vep_txt because it exceeded search pattern filesize limit: SRR10998567_trimmed_fastqc.html
[2023-11-03 07:32:07,177] multiqc                                            [DEBUG  ]  File ignored by longranger/invocation because it exceeded search pattern filesize limit: SRR10998567_trimmed_fastqc.html
[2023-11-03 07:32:07,177] multiqc                                            [DEBUG  ]  File ignored by rockhopper because it exceeded search pattern filesize limit: SRR10998567_trimmed_fastqc.html
[2023-11-03 07:32:07,177] multiqc                                            [DEBUG  ]  File ignored by rseqc/bam_stat because it exceeded search pattern filesize limit: SRR10998567_trimmed_fastqc.html
[2023-11-03 07:32:07,177] multiqc                                            [DEBUG  ]  File ignored by rseqc/junction_annotation because it exceeded search pattern filesize limit: SRR10998567_trimmed_fastqc.html
[2023-11-03 07:32:07,177] multiqc                                            [DEBUG  ]  File ignored by rseqc/read_distribution because it exceeded search pattern filesize limit: SRR10998567_trimmed_fastqc.html
[2023-11-03 07:32:07,177] multiqc                                            [DEBUG  ]  File ignored by rseqc/infer_experiment because it exceeded search pattern filesize limit: SRR10998567_trimmed_fastqc.html
[2023-11-03 07:32:07,223] multiqc                                            [DEBUG  ]  File ignored by nanostat because it exceeded search pattern filesize limit: SRR10998567_trimmed_fastqc.html
[2023-11-03 07:32:07,229] multiqc                                            [DEBUG  ]  File ignored by ccs/v4 because it exceeded search pattern filesize limit: SRR10998565_trimmed_fastqc.html
[2023-11-03 07:32:07,230] multiqc                                            [DEBUG  ]  File ignored by hicexplorer because it exceeded search pattern filesize limit: SRR10998565_trimmed_fastqc.html
[2023-11-03 07:32:07,230] multiqc                                            [DEBUG  ]  File ignored by lima/summary because it exceeded search pattern filesize limit: SRR10998565_trimmed_fastqc.html
[2023-11-03 07:32:07,231] multiqc                                            [DEBUG  ]  File ignored by vep/vep_txt because it exceeded search pattern filesize limit: SRR10998565_trimmed_fastqc.html
[2023-11-03 07:32:07,231] multiqc                                            [DEBUG  ]  File ignored by longranger/invocation because it exceeded search pattern filesize limit: SRR10998565_trimmed_fastqc.html
[2023-11-03 07:32:07,231] multiqc                                            [DEBUG  ]  File ignored by rockhopper because it exceeded search pattern filesize limit: SRR10998565_trimmed_fastqc.html
[2023-11-03 07:32:07,231] multiqc                                            [DEBUG  ]  File ignored by rseqc/bam_stat because it exceeded search pattern filesize limit: SRR10998565_trimmed_fastqc.html
[2023-11-03 07:32:07,231] multiqc                                            [DEBUG  ]  File ignored by rseqc/junction_annotation because it exceeded search pattern filesize limit: SRR10998565_trimmed_fastqc.html
[2023-11-03 07:32:07,231] multiqc                                            [DEBUG  ]  File ignored by rseqc/read_distribution because it exceeded search pattern filesize limit: SRR10998565_trimmed_fastqc.html
[2023-11-03 07:32:07,231] multiqc                                            [DEBUG  ]  File ignored by rseqc/infer_experiment because it exceeded search pattern filesize limit: SRR10998565_trimmed_fastqc.html
[2023-11-03 07:32:07,278] multiqc                                            [DEBUG  ]  File ignored by nanostat because it exceeded search pattern filesize limit: SRR10998565_trimmed_fastqc.html
[2023-11-03 07:32:07,284] multiqc                                            [DEBUG  ]  File ignored by ccs/v4 because it exceeded search pattern filesize limit: SRR10998569_trimmed_fastqc.html
[2023-11-03 07:32:07,285] multiqc                                            [DEBUG  ]  File ignored by hicexplorer because it exceeded search pattern filesize limit: SRR10998569_trimmed_fastqc.html
[2023-11-03 07:32:07,285] multiqc                                            [DEBUG  ]  File ignored by lima/summary because it exceeded search pattern filesize limit: SRR10998569_trimmed_fastqc.html
[2023-11-03 07:32:07,286] multiqc                                            [DEBUG  ]  File ignored by vep/vep_txt because it exceeded search pattern filesize limit: SRR10998569_trimmed_fastqc.html
[2023-11-03 07:32:07,286] multiqc                                            [DEBUG  ]  File ignored by longranger/invocation because it exceeded search pattern filesize limit: SRR10998569_trimmed_fastqc.html
[2023-11-03 07:32:07,286] multiqc                                            [DEBUG  ]  File ignored by rockhopper because it exceeded search pattern filesize limit: SRR10998569_trimmed_fastqc.html
[2023-11-03 07:32:07,286] multiqc                                            [DEBUG  ]  File ignored by rseqc/bam_stat because it exceeded search pattern filesize limit: SRR10998569_trimmed_fastqc.html
[2023-11-03 07:32:07,286] multiqc                                            [DEBUG  ]  File ignored by rseqc/junction_annotation because it exceeded search pattern filesize limit: SRR10998569_trimmed_fastqc.html
[2023-11-03 07:32:07,286] multiqc                                            [DEBUG  ]  File ignored by rseqc/read_distribution because it exceeded search pattern filesize limit: SRR10998569_trimmed_fastqc.html
[2023-11-03 07:32:07,286] multiqc                                            [DEBUG  ]  File ignored by rseqc/infer_experiment because it exceeded search pattern filesize limit: SRR10998569_trimmed_fastqc.html
[2023-11-03 07:32:07,333] multiqc                                            [DEBUG  ]  File ignored by nanostat because it exceeded search pattern filesize limit: SRR10998569_trimmed_fastqc.html
[2023-11-03 07:32:07,338] multiqc                                            [DEBUG  ]  File ignored by ccs/v4 because it exceeded search pattern filesize limit: SRR10998570_trimmed_fastqc.html
[2023-11-03 07:32:07,339] multiqc                                            [DEBUG  ]  File ignored by hicexplorer because it exceeded search pattern filesize limit: SRR10998570_trimmed_fastqc.html
[2023-11-03 07:32:07,339] multiqc                                            [DEBUG  ]  File ignored by lima/summary because it exceeded search pattern filesize limit: SRR10998570_trimmed_fastqc.html
[2023-11-03 07:32:07,340] multiqc                                            [DEBUG  ]  File ignored by vep/vep_txt because it exceeded search pattern filesize limit: SRR10998570_trimmed_fastqc.html
[2023-11-03 07:32:07,340] multiqc                                            [DEBUG  ]  File ignored by longranger/invocation because it exceeded search pattern filesize limit: SRR10998570_trimmed_fastqc.html
[2023-11-03 07:32:07,340] multiqc                                            [DEBUG  ]  File ignored by rockhopper because it exceeded search pattern filesize limit: SRR10998570_trimmed_fastqc.html
[2023-11-03 07:32:07,340] multiqc                                            [DEBUG  ]  File ignored by rseqc/bam_stat because it exceeded search pattern filesize limit: SRR10998570_trimmed_fastqc.html
[2023-11-03 07:32:07,340] multiqc                                            [DEBUG  ]  File ignored by rseqc/junction_annotation because it exceeded search pattern filesize limit: SRR10998570_trimmed_fastqc.html
[2023-11-03 07:32:07,340] multiqc                                            [DEBUG  ]  File ignored by rseqc/read_distribution because it exceeded search pattern filesize limit: SRR10998570_trimmed_fastqc.html
[2023-11-03 07:32:07,341] multiqc                                            [DEBUG  ]  File ignored by rseqc/infer_experiment because it exceeded search pattern filesize limit: SRR10998570_trimmed_fastqc.html
[2023-11-03 07:32:07,388] multiqc                                            [DEBUG  ]  File ignored by nanostat because it exceeded search pattern filesize limit: SRR10998570_trimmed_fastqc.html
[2023-11-03 07:32:07,394] multiqc                                            [DEBUG  ]  File ignored by ccs/v4 because it exceeded search pattern filesize limit: SRR10998566_trimmed_fastqc.html
[2023-11-03 07:32:07,394] multiqc                                            [DEBUG  ]  File ignored by hicexplorer because it exceeded search pattern filesize limit: SRR10998566_trimmed_fastqc.html
[2023-11-03 07:32:07,394] multiqc                                            [DEBUG  ]  File ignored by lima/summary because it exceeded search pattern filesize limit: SRR10998566_trimmed_fastqc.html
[2023-11-03 07:32:07,396] multiqc                                            [DEBUG  ]  File ignored by vep/vep_txt because it exceeded search pattern filesize limit: SRR10998566_trimmed_fastqc.html
[2023-11-03 07:32:07,396] multiqc                                            [DEBUG  ]  File ignored by longranger/invocation because it exceeded search pattern filesize limit: SRR10998566_trimmed_fastqc.html
[2023-11-03 07:32:07,396] multiqc                                            [DEBUG  ]  File ignored by rockhopper because it exceeded search pattern filesize limit: SRR10998566_trimmed_fastqc.html
[2023-11-03 07:32:07,396] multiqc                                            [DEBUG  ]  File ignored by rseqc/bam_stat because it exceeded search pattern filesize limit: SRR10998566_trimmed_fastqc.html
[2023-11-03 07:32:07,396] multiqc                                            [DEBUG  ]  File ignored by rseqc/junction_annotation because it exceeded search pattern filesize limit: SRR10998566_trimmed_fastqc.html
[2023-11-03 07:32:07,396] multiqc                                            [DEBUG  ]  File ignored by rseqc/read_distribution because it exceeded search pattern filesize limit: SRR10998566_trimmed_fastqc.html
[2023-11-03 07:32:07,396] multiqc                                            [DEBUG  ]  File ignored by rseqc/infer_experiment because it exceeded search pattern filesize limit: SRR10998566_trimmed_fastqc.html
[2023-11-03 07:32:07,443] multiqc                                            [DEBUG  ]  File ignored by nanostat because it exceeded search pattern filesize limit: SRR10998566_trimmed_fastqc.html
[2023-11-03 07:32:08,044] multiqc.plots.linegraph                            [DEBUG  ]  Using matplotlib version 3.5.1
[2023-11-03 07:32:08,044] multiqc.plots.bargraph                             [DEBUG  ]  Using matplotlib version 3.5.1
[2023-11-03 07:32:08,082] multiqc.modules.fastqc.fastqc                      [INFO   ]  Found 12 reports
[2023-11-03 07:32:08,253] multiqc                                            [INFO   ]  Compressing plot data
[2023-11-03 07:32:08,424] multiqc                                            [INFO   ]  Report      : ../assignment/qc/trimmed/multiqc_report.html
[2023-11-03 07:32:08,424] multiqc                                            [INFO   ]  Data        : ../assignment/qc/trimmed/multiqc_data
[2023-11-03 07:32:08,424] multiqc                                            [DEBUG  ]  Moving data file from '/tmp/tmp6qrwoeiv/multiqc_data' to '/home/zio/assignment/qc/trimmed/multiqc_data'
[2023-11-03 07:32:08,516] multiqc                                            [INFO   ]  MultiQC complete
